Analysis & Synthesis report for finalproject
Sat Apr 27 18:51:42 2024
Quartus Prime Version 22.1std.1 Build 917 02/14/2023 SC Standard Edition


---------------------
; Table of Contents ;
---------------------
  1. Legal Notice
  2. Analysis & Synthesis Summary
  3. Analysis & Synthesis Settings
  4. Parallel Compilation
  5. Analysis & Synthesis Source Files Read
  6. Analysis & Synthesis Resource Usage Summary
  7. Analysis & Synthesis Resource Utilization by Entity
  8. Registers Removed During Synthesis
  9. General Register Statistics
 10. Post-Synthesis Netlist Statistics for Top Partition
 11. Elapsed Time Per Partition
 12. Analysis & Synthesis Messages



----------------
; Legal Notice ;
----------------
Copyright (C) 2023  Intel Corporation. All rights reserved.
Your use of Intel Corporation's design tools, logic functions 
and other software and tools, and any partner logic 
functions, and any output files from any of the foregoing 
(including device programming or simulation files), and any 
associated documentation or information are expressly subject 
to the terms and conditions of the Intel Program License 
Subscription Agreement, the Intel Quartus Prime License Agreement,
the Intel FPGA IP License Agreement, or other applicable license
agreement, including, without limitation, that your use is for
the sole purpose of programming logic devices manufactured by
Intel and sold by Intel or its authorized distributors.  Please
refer to the applicable agreement for further details, at
https://fpgasoftware.intel.com/eula.



+-----------------------------------------------------------------------------------------+
; Analysis & Synthesis Summary                                                            ;
+------------------------------------+----------------------------------------------------+
; Analysis & Synthesis Status        ; Successful - Sat Apr 27 18:51:42 2024              ;
; Quartus Prime Version              ; 22.1std.1 Build 917 02/14/2023 SC Standard Edition ;
; Revision Name                      ; finalproject                                       ;
; Top-level Entity Name              ; finalproject                                       ;
; Family                             ; Cyclone IV E                                       ;
; Total logic elements               ; 372                                                ;
;     Total combinational functions  ; 372                                                ;
;     Dedicated logic registers      ; 271                                                ;
; Total registers                    ; 271                                                ;
; Total pins                         ; 65                                                 ;
; Total virtual pins                 ; 0                                                  ;
; Total memory bits                  ; 0                                                  ;
; Embedded Multiplier 9-bit elements ; 0                                                  ;
; Total PLLs                         ; 0                                                  ;
+------------------------------------+----------------------------------------------------+


+------------------------------------------------------------------------------------------------------------+
; Analysis & Synthesis Settings                                                                              ;
+------------------------------------------------------------------+--------------------+--------------------+
; Option                                                           ; Setting            ; Default Value      ;
+------------------------------------------------------------------+--------------------+--------------------+
; Device                                                           ; EP4CE115F29C7      ;                    ;
; Top-level entity name                                            ; finalproject       ; finalproject       ;
; Family name                                                      ; Cyclone IV E       ; Cyclone V          ;
; Use smart compilation                                            ; Off                ; Off                ;
; Enable parallel Assembler and Timing Analyzer during compilation ; On                 ; On                 ;
; Enable compact report table                                      ; Off                ; Off                ;
; Restructure Multiplexers                                         ; Auto               ; Auto               ;
; Create Debugging Nodes for IP Cores                              ; Off                ; Off                ;
; Preserve fewer node names                                        ; On                 ; On                 ;
; Intel FPGA IP Evaluation Mode                                    ; Enable             ; Enable             ;
; Verilog Version                                                  ; Verilog_2001       ; Verilog_2001       ;
; VHDL Version                                                     ; VHDL_1993          ; VHDL_1993          ;
; State Machine Processing                                         ; Auto               ; Auto               ;
; Safe State Machine                                               ; Off                ; Off                ;
; Extract Verilog State Machines                                   ; On                 ; On                 ;
; Extract VHDL State Machines                                      ; On                 ; On                 ;
; Ignore Verilog initial constructs                                ; Off                ; Off                ;
; Iteration limit for constant Verilog loops                       ; 5000               ; 5000               ;
; Iteration limit for non-constant Verilog loops                   ; 250                ; 250                ;
; Add Pass-Through Logic to Inferred RAMs                          ; On                 ; On                 ;
; Infer RAMs from Raw Logic                                        ; On                 ; On                 ;
; Parallel Synthesis                                               ; On                 ; On                 ;
; DSP Block Balancing                                              ; Auto               ; Auto               ;
; NOT Gate Push-Back                                               ; On                 ; On                 ;
; Power-Up Don't Care                                              ; On                 ; On                 ;
; Remove Redundant Logic Cells                                     ; Off                ; Off                ;
; Remove Duplicate Registers                                       ; On                 ; On                 ;
; Ignore CARRY Buffers                                             ; Off                ; Off                ;
; Ignore CASCADE Buffers                                           ; Off                ; Off                ;
; Ignore GLOBAL Buffers                                            ; Off                ; Off                ;
; Ignore ROW GLOBAL Buffers                                        ; Off                ; Off                ;
; Ignore LCELL Buffers                                             ; Off                ; Off                ;
; Ignore SOFT Buffers                                              ; On                 ; On                 ;
; Limit AHDL Integers to 32 Bits                                   ; Off                ; Off                ;
; Optimization Technique                                           ; Balanced           ; Balanced           ;
; Carry Chain Length                                               ; 70                 ; 70                 ;
; Auto Carry Chains                                                ; On                 ; On                 ;
; Auto Open-Drain Pins                                             ; On                 ; On                 ;
; Perform WYSIWYG Primitive Resynthesis                            ; Off                ; Off                ;
; Auto ROM Replacement                                             ; On                 ; On                 ;
; Auto RAM Replacement                                             ; On                 ; On                 ;
; Auto DSP Block Replacement                                       ; On                 ; On                 ;
; Auto Shift Register Replacement                                  ; Auto               ; Auto               ;
; Allow Shift Register Merging across Hierarchies                  ; Auto               ; Auto               ;
; Auto Clock Enable Replacement                                    ; On                 ; On                 ;
; Strict RAM Replacement                                           ; Off                ; Off                ;
; Allow Synchronous Control Signals                                ; On                 ; On                 ;
; Force Use of Synchronous Clear Signals                           ; Off                ; Off                ;
; Auto RAM Block Balancing                                         ; On                 ; On                 ;
; Auto RAM to Logic Cell Conversion                                ; Off                ; Off                ;
; Auto Resource Sharing                                            ; Off                ; Off                ;
; Allow Any RAM Size For Recognition                               ; Off                ; Off                ;
; Allow Any ROM Size For Recognition                               ; Off                ; Off                ;
; Allow Any Shift Register Size For Recognition                    ; Off                ; Off                ;
; Use LogicLock Constraints during Resource Balancing              ; On                 ; On                 ;
; Ignore translate_off and synthesis_off directives                ; Off                ; Off                ;
; Timing-Driven Synthesis                                          ; On                 ; On                 ;
; Report Parameter Settings                                        ; On                 ; On                 ;
; Report Source Assignments                                        ; On                 ; On                 ;
; Report Connectivity Checks                                       ; On                 ; On                 ;
; Ignore Maximum Fan-Out Assignments                               ; Off                ; Off                ;
; Synchronization Register Chain Length                            ; 2                  ; 2                  ;
; Power Optimization During Synthesis                              ; Normal compilation ; Normal compilation ;
; HDL message level                                                ; Level2             ; Level2             ;
; Suppress Register Optimization Related Messages                  ; Off                ; Off                ;
; Number of Removed Registers Reported in Synthesis Report         ; 5000               ; 5000               ;
; Number of Swept Nodes Reported in Synthesis Report               ; 5000               ; 5000               ;
; Number of Inverted Registers Reported in Synthesis Report        ; 100                ; 100                ;
; Clock MUX Protection                                             ; On                 ; On                 ;
; Auto Gated Clock Conversion                                      ; Off                ; Off                ;
; Block Design Naming                                              ; Auto               ; Auto               ;
; SDC constraint protection                                        ; Off                ; Off                ;
; Synthesis Effort                                                 ; Auto               ; Auto               ;
; Shift Register Replacement - Allow Asynchronous Clear Signal     ; On                 ; On                 ;
; Pre-Mapping Resynthesis Optimization                             ; Off                ; Off                ;
; Analysis & Synthesis Message Level                               ; Medium             ; Medium             ;
; Disable Register Merging Across Hierarchies                      ; Auto               ; Auto               ;
; Resource Aware Inference For Block RAM                           ; On                 ; On                 ;
+------------------------------------------------------------------+--------------------+--------------------+


+------------------------------------------+
; Parallel Compilation                     ;
+----------------------------+-------------+
; Processors                 ; Number      ;
+----------------------------+-------------+
; Number detected on machine ; 20          ;
; Maximum allowed            ; 12          ;
;                            ;             ;
; Average used               ; 1.02        ;
; Maximum used               ; 12          ;
;                            ;             ;
; Usage by Processor         ; % Time Used ;
;     Processor 1            ; 100.0%      ;
;     Processor 2            ;   0.2%      ;
;     Processors 3-12        ;   0.2%      ;
+----------------------------+-------------+


+--------------------------------------------------------------------------------------------------------------------------------------------------------------------------+
; Analysis & Synthesis Source Files Read                                                                                                                                   ;
+----------------------------------+-----------------+------------------------------------+----------------------------------------------------------------------+---------+
; File Name with User-Entered Path ; Used in Netlist ; File Type                          ; File Name with Absolute Path                                         ; Library ;
+----------------------------------+-----------------+------------------------------------+----------------------------------------------------------------------+---------+
; finalproject.bdf                 ; yes             ; User Block Diagram/Schematic File  ; U:/CPRE281/final project v2/final project/finalproject.bdf           ;         ;
; upcounter.bdf                    ; yes             ; User Block Diagram/Schematic File  ; U:/CPRE281/final project v2/final project/upcounter.bdf              ;         ;
; debouncer.bdf                    ; yes             ; User Block Diagram/Schematic File  ; U:/CPRE281/final project v2/final project/debouncer.bdf              ;         ;
; selector.v                       ; yes             ; User Verilog HDL File              ; U:/CPRE281/final project v2/final project/selector.v                 ;         ;
; segSelector.v                    ; yes             ; User Verilog HDL File              ; U:/CPRE281/final project v2/final project/segSelector.v              ;         ;
; smallUltimateComparers.bdf       ; yes             ; User Block Diagram/Schematic File  ; U:/CPRE281/final project v2/final project/smallUltimateComparers.bdf ;         ;
; theUltimateComparer.bdf          ; yes             ; User Block Diagram/Schematic File  ; U:/CPRE281/final project v2/final project/theUltimateComparer.bdf    ;         ;
; ledPatternGen.bdf                ; yes             ; User Block Diagram/Schematic File  ; U:/CPRE281/final project v2/final project/ledPatternGen.bdf          ;         ;
; nineCounter.bdf                  ; yes             ; User Block Diagram/Schematic File  ; U:/CPRE281/final project v2/final project/nineCounter.bdf            ;         ;
; clock_divider_1024.bdf           ; yes             ; User Block Diagram/Schematic File  ; U:/CPRE281/final project v2/final project/clock_divider_1024.bdf     ;         ;
; clock_generator.bdf              ; yes             ; User Block Diagram/Schematic File  ; U:/CPRE281/final project v2/final project/clock_generator.bdf        ;         ;
; seven_seg_decoder.v              ; yes             ; Auto-Found Verilog HDL File        ; U:/CPRE281/final project v2/final project/seven_seg_decoder.v        ;         ;
+----------------------------------+-----------------+------------------------------------+----------------------------------------------------------------------+---------+


+-------------------------------------------------------------+
; Analysis & Synthesis Resource Usage Summary                 ;
+---------------------------------------------+---------------+
; Resource                                    ; Usage         ;
+---------------------------------------------+---------------+
; Estimated Total logic elements              ; 372           ;
;                                             ;               ;
; Total combinational functions               ; 372           ;
; Logic element usage by number of LUT inputs ;               ;
;     -- 4 input functions                    ; 155           ;
;     -- 3 input functions                    ; 67            ;
;     -- <=2 input functions                  ; 150           ;
;                                             ;               ;
; Logic elements by mode                      ;               ;
;     -- normal mode                          ; 372           ;
;     -- arithmetic mode                      ; 0             ;
;                                             ;               ;
; Total registers                             ; 271           ;
;     -- Dedicated logic registers            ; 271           ;
;     -- I/O registers                        ; 0             ;
;                                             ;               ;
; I/O pins                                    ; 65            ;
;                                             ;               ;
; Embedded Multiplier 9-bit elements          ; 0             ;
;                                             ;               ;
; Maximum fan-out node                        ; setPass~input ;
; Maximum fan-out                             ; 62            ;
; Total fan-out                               ; 1791          ;
; Average fan-out                             ; 2.32          ;
+---------------------------------------------+---------------+


+-------------------------------------------------------------------------------------------------------------------------------------------------------------------------------------------------------------------------------------------------------------------------------------------------------------------+
; Analysis & Synthesis Resource Utilization by Entity                                                                                                                                                                                                                                                               ;
+------------------------------------------+---------------------+---------------------------+-------------+--------------+---------+-----------+------+--------------+--------------------------------------------------------------------------------------------------------+---------------------+--------------+
; Compilation Hierarchy Node               ; Combinational ALUTs ; Dedicated Logic Registers ; Memory Bits ; DSP Elements ; DSP 9x9 ; DSP 18x18 ; Pins ; Virtual Pins ; Full Hierarchy Name                                                                                    ; Entity Name         ; Library Name ;
+------------------------------------------+---------------------+---------------------------+-------------+--------------+---------+-----------+------+--------------+--------------------------------------------------------------------------------------------------------+---------------------+--------------+
; |finalproject                            ; 372 (0)             ; 271 (0)                   ; 0           ; 0            ; 0       ; 0         ; 65   ; 0            ; |finalproject                                                                                          ; finalproject        ; work         ;
;    |ledPatternGen:inst19|                ; 184 (0)             ; 159 (0)                   ; 0           ; 0            ; 0       ; 0         ; 0    ; 0            ; |finalproject|ledPatternGen:inst19                                                                     ; ledPatternGen       ; work         ;
;       |nineCounter:ledset1|              ; 28 (3)              ; 24 (3)                    ; 0           ; 0            ; 0       ; 0         ; 0    ; 0            ; |finalproject|ledPatternGen:inst19|nineCounter:ledset1                                                 ; nineCounter         ; work         ;
;          |clock_generator:inst|          ; 25 (9)              ; 21 (7)                    ; 0           ; 0            ; 0       ; 0         ; 0    ; 0            ; |finalproject|ledPatternGen:inst19|nineCounter:ledset1|clock_generator:inst                            ; clock_generator     ; work         ;
;             |clock_divider_1024:inst102| ; 10 (10)             ; 8 (8)                     ; 0           ; 0            ; 0       ; 0         ; 0    ; 0            ; |finalproject|ledPatternGen:inst19|nineCounter:ledset1|clock_generator:inst|clock_divider_1024:inst102 ; clock_divider_1024  ; work         ;
;             |clock_divider_1024:inst103| ; 6 (6)               ; 6 (6)                     ; 0           ; 0            ; 0       ; 0         ; 0    ; 0            ; |finalproject|ledPatternGen:inst19|nineCounter:ledset1|clock_generator:inst|clock_divider_1024:inst103 ; clock_divider_1024  ; work         ;
;       |nineCounter:ledset2|              ; 22 (3)              ; 19 (3)                    ; 0           ; 0            ; 0       ; 0         ; 0    ; 0            ; |finalproject|ledPatternGen:inst19|nineCounter:ledset2                                                 ; nineCounter         ; work         ;
;          |clock_generator:inst|          ; 19 (8)              ; 16 (7)                    ; 0           ; 0            ; 0       ; 0         ; 0    ; 0            ; |finalproject|ledPatternGen:inst19|nineCounter:ledset2|clock_generator:inst                            ; clock_generator     ; work         ;
;             |clock_divider_1024:inst102| ; 10 (10)             ; 8 (8)                     ; 0           ; 0            ; 0       ; 0         ; 0    ; 0            ; |finalproject|ledPatternGen:inst19|nineCounter:ledset2|clock_generator:inst|clock_divider_1024:inst102 ; clock_divider_1024  ; work         ;
;             |clock_divider_1024:inst103| ; 1 (1)               ; 1 (1)                     ; 0           ; 0            ; 0       ; 0         ; 0    ; 0            ; |finalproject|ledPatternGen:inst19|nineCounter:ledset2|clock_generator:inst|clock_divider_1024:inst103 ; clock_divider_1024  ; work         ;
;       |nineCounter:ledset3|              ; 22 (3)              ; 19 (3)                    ; 0           ; 0            ; 0       ; 0         ; 0    ; 0            ; |finalproject|ledPatternGen:inst19|nineCounter:ledset3                                                 ; nineCounter         ; work         ;
;          |clock_generator:inst|          ; 19 (8)              ; 16 (7)                    ; 0           ; 0            ; 0       ; 0         ; 0    ; 0            ; |finalproject|ledPatternGen:inst19|nineCounter:ledset3|clock_generator:inst                            ; clock_generator     ; work         ;
;             |clock_divider_1024:inst102| ; 10 (10)             ; 8 (8)                     ; 0           ; 0            ; 0       ; 0         ; 0    ; 0            ; |finalproject|ledPatternGen:inst19|nineCounter:ledset3|clock_generator:inst|clock_divider_1024:inst102 ; clock_divider_1024  ; work         ;
;             |clock_divider_1024:inst103| ; 1 (1)               ; 1 (1)                     ; 0           ; 0            ; 0       ; 0         ; 0    ; 0            ; |finalproject|ledPatternGen:inst19|nineCounter:ledset3|clock_generator:inst|clock_divider_1024:inst103 ; clock_divider_1024  ; work         ;
;       |nineCounter:ledset4|              ; 22 (3)              ; 19 (3)                    ; 0           ; 0            ; 0       ; 0         ; 0    ; 0            ; |finalproject|ledPatternGen:inst19|nineCounter:ledset4                                                 ; nineCounter         ; work         ;
;          |clock_generator:inst|          ; 19 (8)              ; 16 (7)                    ; 0           ; 0            ; 0       ; 0         ; 0    ; 0            ; |finalproject|ledPatternGen:inst19|nineCounter:ledset4|clock_generator:inst                            ; clock_generator     ; work         ;
;             |clock_divider_1024:inst102| ; 10 (10)             ; 8 (8)                     ; 0           ; 0            ; 0       ; 0         ; 0    ; 0            ; |finalproject|ledPatternGen:inst19|nineCounter:ledset4|clock_generator:inst|clock_divider_1024:inst102 ; clock_divider_1024  ; work         ;
;             |clock_divider_1024:inst103| ; 1 (1)               ; 1 (1)                     ; 0           ; 0            ; 0       ; 0         ; 0    ; 0            ; |finalproject|ledPatternGen:inst19|nineCounter:ledset4|clock_generator:inst|clock_divider_1024:inst103 ; clock_divider_1024  ; work         ;
;       |nineCounter:ledset5|              ; 22 (3)              ; 19 (3)                    ; 0           ; 0            ; 0       ; 0         ; 0    ; 0            ; |finalproject|ledPatternGen:inst19|nineCounter:ledset5                                                 ; nineCounter         ; work         ;
;          |clock_generator:inst|          ; 19 (8)              ; 16 (7)                    ; 0           ; 0            ; 0       ; 0         ; 0    ; 0            ; |finalproject|ledPatternGen:inst19|nineCounter:ledset5|clock_generator:inst                            ; clock_generator     ; work         ;
;             |clock_divider_1024:inst102| ; 10 (10)             ; 8 (8)                     ; 0           ; 0            ; 0       ; 0         ; 0    ; 0            ; |finalproject|ledPatternGen:inst19|nineCounter:ledset5|clock_generator:inst|clock_divider_1024:inst102 ; clock_divider_1024  ; work         ;
;             |clock_divider_1024:inst103| ; 1 (1)               ; 1 (1)                     ; 0           ; 0            ; 0       ; 0         ; 0    ; 0            ; |finalproject|ledPatternGen:inst19|nineCounter:ledset5|clock_generator:inst|clock_divider_1024:inst103 ; clock_divider_1024  ; work         ;
;       |nineCounter:ledset6|              ; 22 (3)              ; 19 (3)                    ; 0           ; 0            ; 0       ; 0         ; 0    ; 0            ; |finalproject|ledPatternGen:inst19|nineCounter:ledset6                                                 ; nineCounter         ; work         ;
;          |clock_generator:inst|          ; 19 (8)              ; 16 (7)                    ; 0           ; 0            ; 0       ; 0         ; 0    ; 0            ; |finalproject|ledPatternGen:inst19|nineCounter:ledset6|clock_generator:inst                            ; clock_generator     ; work         ;
;             |clock_divider_1024:inst102| ; 10 (10)             ; 8 (8)                     ; 0           ; 0            ; 0       ; 0         ; 0    ; 0            ; |finalproject|ledPatternGen:inst19|nineCounter:ledset6|clock_generator:inst|clock_divider_1024:inst102 ; clock_divider_1024  ; work         ;
;             |clock_divider_1024:inst103| ; 1 (1)               ; 1 (1)                     ; 0           ; 0            ; 0       ; 0         ; 0    ; 0            ; |finalproject|ledPatternGen:inst19|nineCounter:ledset6|clock_generator:inst|clock_divider_1024:inst103 ; clock_divider_1024  ; work         ;
;       |nineCounter:ledset7|              ; 22 (3)              ; 19 (3)                    ; 0           ; 0            ; 0       ; 0         ; 0    ; 0            ; |finalproject|ledPatternGen:inst19|nineCounter:ledset7                                                 ; nineCounter         ; work         ;
;          |clock_generator:inst|          ; 19 (8)              ; 16 (7)                    ; 0           ; 0            ; 0       ; 0         ; 0    ; 0            ; |finalproject|ledPatternGen:inst19|nineCounter:ledset7|clock_generator:inst                            ; clock_generator     ; work         ;
;             |clock_divider_1024:inst102| ; 10 (10)             ; 8 (8)                     ; 0           ; 0            ; 0       ; 0         ; 0    ; 0            ; |finalproject|ledPatternGen:inst19|nineCounter:ledset7|clock_generator:inst|clock_divider_1024:inst102 ; clock_divider_1024  ; work         ;
;             |clock_divider_1024:inst103| ; 1 (1)               ; 1 (1)                     ; 0           ; 0            ; 0       ; 0         ; 0    ; 0            ; |finalproject|ledPatternGen:inst19|nineCounter:ledset7|clock_generator:inst|clock_divider_1024:inst103 ; clock_divider_1024  ; work         ;
;       |nineCounter:ledset8|              ; 24 (3)              ; 21 (3)                    ; 0           ; 0            ; 0       ; 0         ; 0    ; 0            ; |finalproject|ledPatternGen:inst19|nineCounter:ledset8                                                 ; nineCounter         ; work         ;
;          |clock_generator:inst|          ; 21 (8)              ; 18 (7)                    ; 0           ; 0            ; 0       ; 0         ; 0    ; 0            ; |finalproject|ledPatternGen:inst19|nineCounter:ledset8|clock_generator:inst                            ; clock_generator     ; work         ;
;             |clock_divider_1024:inst102| ; 10 (10)             ; 8 (8)                     ; 0           ; 0            ; 0       ; 0         ; 0    ; 0            ; |finalproject|ledPatternGen:inst19|nineCounter:ledset8|clock_generator:inst|clock_divider_1024:inst102 ; clock_divider_1024  ; work         ;
;             |clock_divider_1024:inst103| ; 3 (3)               ; 3 (3)                     ; 0           ; 0            ; 0       ; 0         ; 0    ; 0            ; |finalproject|ledPatternGen:inst19|nineCounter:ledset8|clock_generator:inst|clock_divider_1024:inst103 ; clock_divider_1024  ; work         ;
;    |segSelector:inst11|                  ; 4 (4)               ; 0 (0)                     ; 0           ; 0            ; 0       ; 0         ; 0    ; 0            ; |finalproject|segSelector:inst11                                                                       ; segSelector         ; work         ;
;    |segSelector:inst5|                   ; 4 (4)               ; 0 (0)                     ; 0           ; 0            ; 0       ; 0         ; 0    ; 0            ; |finalproject|segSelector:inst5                                                                        ; segSelector         ; work         ;
;    |segSelector:inst6|                   ; 4 (4)               ; 0 (0)                     ; 0           ; 0            ; 0       ; 0         ; 0    ; 0            ; |finalproject|segSelector:inst6                                                                        ; segSelector         ; work         ;
;    |segSelector:inst|                    ; 4 (4)               ; 0 (0)                     ; 0           ; 0            ; 0       ; 0         ; 0    ; 0            ; |finalproject|segSelector:inst                                                                         ; segSelector         ; work         ;
;    |selector:inst4|                      ; 10 (10)             ; 0 (0)                     ; 0           ; 0            ; 0       ; 0         ; 0    ; 0            ; |finalproject|selector:inst4                                                                           ; selector            ; work         ;
;    |seven_seg_decoder:display1|          ; 7 (7)               ; 0 (0)                     ; 0           ; 0            ; 0       ; 0         ; 0    ; 0            ; |finalproject|seven_seg_decoder:display1                                                               ; seven_seg_decoder   ; work         ;
;    |seven_seg_decoder:display2|          ; 7 (7)               ; 0 (0)                     ; 0           ; 0            ; 0       ; 0         ; 0    ; 0            ; |finalproject|seven_seg_decoder:display2                                                               ; seven_seg_decoder   ; work         ;
;    |seven_seg_decoder:display3|          ; 7 (7)               ; 0 (0)                     ; 0           ; 0            ; 0       ; 0         ; 0    ; 0            ; |finalproject|seven_seg_decoder:display3                                                               ; seven_seg_decoder   ; work         ;
;    |seven_seg_decoder:display4|          ; 7 (7)               ; 0 (0)                     ; 0           ; 0            ; 0       ; 0         ; 0    ; 0            ; |finalproject|seven_seg_decoder:display4                                                               ; seven_seg_decoder   ; work         ;
;    |theUltimateComparer:inst16|          ; 11 (11)             ; 0 (0)                     ; 0           ; 0            ; 0       ; 0         ; 0    ; 0            ; |finalproject|theUltimateComparer:inst16                                                               ; theUltimateComparer ; work         ;
;    |upcounter:inst10|                    ; 15 (4)              ; 14 (4)                    ; 0           ; 0            ; 0       ; 0         ; 0    ; 0            ; |finalproject|upcounter:inst10                                                                         ; upcounter           ; work         ;
;       |debouncer:inst6|                  ; 11 (0)              ; 10 (1)                    ; 0           ; 0            ; 0       ; 0         ; 0    ; 0            ; |finalproject|upcounter:inst10|debouncer:inst6                                                         ; debouncer           ; work         ;
;          |clock_divider_1024:inst1|      ; 10 (10)             ; 8 (8)                     ; 0           ; 0            ; 0       ; 0         ; 0    ; 0            ; |finalproject|upcounter:inst10|debouncer:inst6|clock_divider_1024:inst1                                ; clock_divider_1024  ; work         ;
;          |clock_divider_1024:inst|       ; 1 (1)               ; 1 (1)                     ; 0           ; 0            ; 0       ; 0         ; 0    ; 0            ; |finalproject|upcounter:inst10|debouncer:inst6|clock_divider_1024:inst                                 ; clock_divider_1024  ; work         ;
;    |upcounter:inst111|                   ; 15 (4)              ; 14 (4)                    ; 0           ; 0            ; 0       ; 0         ; 0    ; 0            ; |finalproject|upcounter:inst111                                                                        ; upcounter           ; work         ;
;       |debouncer:inst6|                  ; 11 (0)              ; 10 (1)                    ; 0           ; 0            ; 0       ; 0         ; 0    ; 0            ; |finalproject|upcounter:inst111|debouncer:inst6                                                        ; debouncer           ; work         ;
;          |clock_divider_1024:inst1|      ; 10 (10)             ; 8 (8)                     ; 0           ; 0            ; 0       ; 0         ; 0    ; 0            ; |finalproject|upcounter:inst111|debouncer:inst6|clock_divider_1024:inst1                               ; clock_divider_1024  ; work         ;
;          |clock_divider_1024:inst|       ; 1 (1)               ; 1 (1)                     ; 0           ; 0            ; 0       ; 0         ; 0    ; 0            ; |finalproject|upcounter:inst111|debouncer:inst6|clock_divider_1024:inst                                ; clock_divider_1024  ; work         ;
;    |upcounter:inst1|                     ; 15 (4)              ; 14 (4)                    ; 0           ; 0            ; 0       ; 0         ; 0    ; 0            ; |finalproject|upcounter:inst1                                                                          ; upcounter           ; work         ;
;       |debouncer:inst6|                  ; 11 (0)              ; 10 (1)                    ; 0           ; 0            ; 0       ; 0         ; 0    ; 0            ; |finalproject|upcounter:inst1|debouncer:inst6                                                          ; debouncer           ; work         ;
;          |clock_divider_1024:inst1|      ; 10 (10)             ; 8 (8)                     ; 0           ; 0            ; 0       ; 0         ; 0    ; 0            ; |finalproject|upcounter:inst1|debouncer:inst6|clock_divider_1024:inst1                                 ; clock_divider_1024  ; work         ;
;          |clock_divider_1024:inst|       ; 1 (1)               ; 1 (1)                     ; 0           ; 0            ; 0       ; 0         ; 0    ; 0            ; |finalproject|upcounter:inst1|debouncer:inst6|clock_divider_1024:inst                                  ; clock_divider_1024  ; work         ;
;    |upcounter:inst2|                     ; 15 (4)              ; 14 (4)                    ; 0           ; 0            ; 0       ; 0         ; 0    ; 0            ; |finalproject|upcounter:inst2                                                                          ; upcounter           ; work         ;
;       |debouncer:inst6|                  ; 11 (0)              ; 10 (1)                    ; 0           ; 0            ; 0       ; 0         ; 0    ; 0            ; |finalproject|upcounter:inst2|debouncer:inst6                                                          ; debouncer           ; work         ;
;          |clock_divider_1024:inst1|      ; 10 (10)             ; 8 (8)                     ; 0           ; 0            ; 0       ; 0         ; 0    ; 0            ; |finalproject|upcounter:inst2|debouncer:inst6|clock_divider_1024:inst1                                 ; clock_divider_1024  ; work         ;
;          |clock_divider_1024:inst|       ; 1 (1)               ; 1 (1)                     ; 0           ; 0            ; 0       ; 0         ; 0    ; 0            ; |finalproject|upcounter:inst2|debouncer:inst6|clock_divider_1024:inst                                  ; clock_divider_1024  ; work         ;
;    |upcounter:inst3|                     ; 15 (4)              ; 14 (4)                    ; 0           ; 0            ; 0       ; 0         ; 0    ; 0            ; |finalproject|upcounter:inst3                                                                          ; upcounter           ; work         ;
;       |debouncer:inst6|                  ; 11 (0)              ; 10 (1)                    ; 0           ; 0            ; 0       ; 0         ; 0    ; 0            ; |finalproject|upcounter:inst3|debouncer:inst6                                                          ; debouncer           ; work         ;
;          |clock_divider_1024:inst1|      ; 10 (10)             ; 8 (8)                     ; 0           ; 0            ; 0       ; 0         ; 0    ; 0            ; |finalproject|upcounter:inst3|debouncer:inst6|clock_divider_1024:inst1                                 ; clock_divider_1024  ; work         ;
;          |clock_divider_1024:inst|       ; 1 (1)               ; 1 (1)                     ; 0           ; 0            ; 0       ; 0         ; 0    ; 0            ; |finalproject|upcounter:inst3|debouncer:inst6|clock_divider_1024:inst                                  ; clock_divider_1024  ; work         ;
;    |upcounter:inst7|                     ; 18 (4)              ; 14 (4)                    ; 0           ; 0            ; 0       ; 0         ; 0    ; 0            ; |finalproject|upcounter:inst7                                                                          ; upcounter           ; work         ;
;       |debouncer:inst6|                  ; 14 (1)              ; 10 (1)                    ; 0           ; 0            ; 0       ; 0         ; 0    ; 0            ; |finalproject|upcounter:inst7|debouncer:inst6                                                          ; debouncer           ; work         ;
;          |clock_divider_1024:inst1|      ; 10 (10)             ; 8 (8)                     ; 0           ; 0            ; 0       ; 0         ; 0    ; 0            ; |finalproject|upcounter:inst7|debouncer:inst6|clock_divider_1024:inst1                                 ; clock_divider_1024  ; work         ;
;          |clock_divider_1024:inst|       ; 3 (3)               ; 1 (1)                     ; 0           ; 0            ; 0       ; 0         ; 0    ; 0            ; |finalproject|upcounter:inst7|debouncer:inst6|clock_divider_1024:inst                                  ; clock_divider_1024  ; work         ;
;    |upcounter:inst8|                     ; 15 (4)              ; 14 (4)                    ; 0           ; 0            ; 0       ; 0         ; 0    ; 0            ; |finalproject|upcounter:inst8                                                                          ; upcounter           ; work         ;
;       |debouncer:inst6|                  ; 11 (0)              ; 10 (1)                    ; 0           ; 0            ; 0       ; 0         ; 0    ; 0            ; |finalproject|upcounter:inst8|debouncer:inst6                                                          ; debouncer           ; work         ;
;          |clock_divider_1024:inst1|      ; 10 (10)             ; 8 (8)                     ; 0           ; 0            ; 0       ; 0         ; 0    ; 0            ; |finalproject|upcounter:inst8|debouncer:inst6|clock_divider_1024:inst1                                 ; clock_divider_1024  ; work         ;
;          |clock_divider_1024:inst|       ; 1 (1)               ; 1 (1)                     ; 0           ; 0            ; 0       ; 0         ; 0    ; 0            ; |finalproject|upcounter:inst8|debouncer:inst6|clock_divider_1024:inst                                  ; clock_divider_1024  ; work         ;
;    |upcounter:inst9|                     ; 15 (4)              ; 14 (4)                    ; 0           ; 0            ; 0       ; 0         ; 0    ; 0            ; |finalproject|upcounter:inst9                                                                          ; upcounter           ; work         ;
;       |debouncer:inst6|                  ; 11 (0)              ; 10 (1)                    ; 0           ; 0            ; 0       ; 0         ; 0    ; 0            ; |finalproject|upcounter:inst9|debouncer:inst6                                                          ; debouncer           ; work         ;
;          |clock_divider_1024:inst1|      ; 10 (10)             ; 8 (8)                     ; 0           ; 0            ; 0       ; 0         ; 0    ; 0            ; |finalproject|upcounter:inst9|debouncer:inst6|clock_divider_1024:inst1                                 ; clock_divider_1024  ; work         ;
;          |clock_divider_1024:inst|       ; 1 (1)               ; 1 (1)                     ; 0           ; 0            ; 0       ; 0         ; 0    ; 0            ; |finalproject|upcounter:inst9|debouncer:inst6|clock_divider_1024:inst                                  ; clock_divider_1024  ; work         ;
+------------------------------------------+---------------------+---------------------------+-------------+--------------+---------+-----------+------+--------------+--------------------------------------------------------------------------------------------------------+---------------------+--------------+
Note: For table entries with two numbers listed, the numbers in parentheses indicate the number of resources of the given type used by the specific entity alone. The numbers listed outside of parentheses indicate the total resources of the given type used by the specific entity and all of its sub-entities in the hierarchy.


+-------------------------------------------------------------------------------------------------------------------------------------------------------------------------------------------------------------+
; Registers Removed During Synthesis                                                                                                                                                                          ;
+------------------------------------------------------------------------------------------------+------------------------------------------------------------------------------------------------------------+
; Register name                                                                                  ; Reason for Removal                                                                                         ;
+------------------------------------------------------------------------------------------------+------------------------------------------------------------------------------------------------------------+
; upcounter:inst10|debouncer:inst6|clock_divider_1024:inst|inst1                                 ; Merged with ledPatternGen:inst19|nineCounter:ledset8|clock_generator:inst|clock_divider_1024:inst103|inst1 ;
; ledPatternGen:inst19|nineCounter:ledset6|clock_generator:inst|clock_divider_1024:inst103|inst1 ; Merged with ledPatternGen:inst19|nineCounter:ledset8|clock_generator:inst|clock_divider_1024:inst103|inst1 ;
; upcounter:inst1|debouncer:inst6|clock_divider_1024:inst|inst1                                  ; Merged with ledPatternGen:inst19|nineCounter:ledset8|clock_generator:inst|clock_divider_1024:inst103|inst1 ;
; upcounter:inst9|debouncer:inst6|clock_divider_1024:inst|inst1                                  ; Merged with ledPatternGen:inst19|nineCounter:ledset8|clock_generator:inst|clock_divider_1024:inst103|inst1 ;
; upcounter:inst2|debouncer:inst6|clock_divider_1024:inst|inst1                                  ; Merged with ledPatternGen:inst19|nineCounter:ledset8|clock_generator:inst|clock_divider_1024:inst103|inst1 ;
; ledPatternGen:inst19|nineCounter:ledset5|clock_generator:inst|clock_divider_1024:inst103|inst1 ; Merged with ledPatternGen:inst19|nineCounter:ledset8|clock_generator:inst|clock_divider_1024:inst103|inst1 ;
; ledPatternGen:inst19|nineCounter:ledset3|clock_generator:inst|clock_divider_1024:inst103|inst1 ; Merged with ledPatternGen:inst19|nineCounter:ledset8|clock_generator:inst|clock_divider_1024:inst103|inst1 ;
; upcounter:inst111|debouncer:inst6|clock_divider_1024:inst|inst1                                ; Merged with ledPatternGen:inst19|nineCounter:ledset8|clock_generator:inst|clock_divider_1024:inst103|inst1 ;
; ledPatternGen:inst19|nineCounter:ledset2|clock_generator:inst|clock_divider_1024:inst103|inst1 ; Merged with ledPatternGen:inst19|nineCounter:ledset8|clock_generator:inst|clock_divider_1024:inst103|inst1 ;
; ledPatternGen:inst19|nineCounter:ledset4|clock_generator:inst|clock_divider_1024:inst103|inst1 ; Merged with ledPatternGen:inst19|nineCounter:ledset8|clock_generator:inst|clock_divider_1024:inst103|inst1 ;
; upcounter:inst3|debouncer:inst6|clock_divider_1024:inst|inst1                                  ; Merged with ledPatternGen:inst19|nineCounter:ledset8|clock_generator:inst|clock_divider_1024:inst103|inst1 ;
; upcounter:inst7|debouncer:inst6|clock_divider_1024:inst|inst1                                  ; Merged with ledPatternGen:inst19|nineCounter:ledset8|clock_generator:inst|clock_divider_1024:inst103|inst1 ;
; ledPatternGen:inst19|nineCounter:ledset7|clock_generator:inst|clock_divider_1024:inst103|inst1 ; Merged with ledPatternGen:inst19|nineCounter:ledset8|clock_generator:inst|clock_divider_1024:inst103|inst1 ;
; upcounter:inst8|debouncer:inst6|clock_divider_1024:inst|inst1                                  ; Merged with ledPatternGen:inst19|nineCounter:ledset8|clock_generator:inst|clock_divider_1024:inst103|inst1 ;
; ledPatternGen:inst19|nineCounter:ledset1|clock_generator:inst|clock_divider_1024:inst103|inst1 ; Merged with ledPatternGen:inst19|nineCounter:ledset8|clock_generator:inst|clock_divider_1024:inst103|inst1 ;
; upcounter:inst2|debouncer:inst6|clock_divider_1024:inst|inst2                                  ; Merged with ledPatternGen:inst19|nineCounter:ledset8|clock_generator:inst|clock_divider_1024:inst103|inst2 ;
; ledPatternGen:inst19|nineCounter:ledset4|clock_generator:inst|clock_divider_1024:inst103|inst2 ; Merged with ledPatternGen:inst19|nineCounter:ledset8|clock_generator:inst|clock_divider_1024:inst103|inst2 ;
; ledPatternGen:inst19|nineCounter:ledset3|clock_generator:inst|clock_divider_1024:inst103|inst2 ; Merged with ledPatternGen:inst19|nineCounter:ledset8|clock_generator:inst|clock_divider_1024:inst103|inst2 ;
; upcounter:inst9|debouncer:inst6|clock_divider_1024:inst|inst2                                  ; Merged with ledPatternGen:inst19|nineCounter:ledset8|clock_generator:inst|clock_divider_1024:inst103|inst2 ;
; upcounter:inst111|debouncer:inst6|clock_divider_1024:inst|inst2                                ; Merged with ledPatternGen:inst19|nineCounter:ledset8|clock_generator:inst|clock_divider_1024:inst103|inst2 ;
; ledPatternGen:inst19|nineCounter:ledset6|clock_generator:inst|clock_divider_1024:inst103|inst2 ; Merged with ledPatternGen:inst19|nineCounter:ledset8|clock_generator:inst|clock_divider_1024:inst103|inst2 ;
; upcounter:inst7|debouncer:inst6|clock_divider_1024:inst|inst2                                  ; Merged with ledPatternGen:inst19|nineCounter:ledset8|clock_generator:inst|clock_divider_1024:inst103|inst2 ;
; ledPatternGen:inst19|nineCounter:ledset1|clock_generator:inst|clock_divider_1024:inst103|inst2 ; Merged with ledPatternGen:inst19|nineCounter:ledset8|clock_generator:inst|clock_divider_1024:inst103|inst2 ;
; ledPatternGen:inst19|nineCounter:ledset7|clock_generator:inst|clock_divider_1024:inst103|inst2 ; Merged with ledPatternGen:inst19|nineCounter:ledset8|clock_generator:inst|clock_divider_1024:inst103|inst2 ;
; upcounter:inst10|debouncer:inst6|clock_divider_1024:inst|inst2                                 ; Merged with ledPatternGen:inst19|nineCounter:ledset8|clock_generator:inst|clock_divider_1024:inst103|inst2 ;
; ledPatternGen:inst19|nineCounter:ledset2|clock_generator:inst|clock_divider_1024:inst103|inst2 ; Merged with ledPatternGen:inst19|nineCounter:ledset8|clock_generator:inst|clock_divider_1024:inst103|inst2 ;
; upcounter:inst3|debouncer:inst6|clock_divider_1024:inst|inst2                                  ; Merged with ledPatternGen:inst19|nineCounter:ledset8|clock_generator:inst|clock_divider_1024:inst103|inst2 ;
; upcounter:inst8|debouncer:inst6|clock_divider_1024:inst|inst2                                  ; Merged with ledPatternGen:inst19|nineCounter:ledset8|clock_generator:inst|clock_divider_1024:inst103|inst2 ;
; upcounter:inst1|debouncer:inst6|clock_divider_1024:inst|inst2                                  ; Merged with ledPatternGen:inst19|nineCounter:ledset8|clock_generator:inst|clock_divider_1024:inst103|inst2 ;
; ledPatternGen:inst19|nineCounter:ledset5|clock_generator:inst|clock_divider_1024:inst103|inst2 ; Merged with ledPatternGen:inst19|nineCounter:ledset8|clock_generator:inst|clock_divider_1024:inst103|inst2 ;
; ledPatternGen:inst19|nineCounter:ledset2|clock_generator:inst|clock_divider_1024:inst103|inst3 ; Merged with ledPatternGen:inst19|nineCounter:ledset1|clock_generator:inst|clock_divider_1024:inst103|inst3 ;
; ledPatternGen:inst19|nineCounter:ledset3|clock_generator:inst|clock_divider_1024:inst103|inst3 ; Merged with ledPatternGen:inst19|nineCounter:ledset1|clock_generator:inst|clock_divider_1024:inst103|inst3 ;
; ledPatternGen:inst19|nineCounter:ledset4|clock_generator:inst|clock_divider_1024:inst103|inst3 ; Merged with ledPatternGen:inst19|nineCounter:ledset1|clock_generator:inst|clock_divider_1024:inst103|inst3 ;
; ledPatternGen:inst19|nineCounter:ledset5|clock_generator:inst|clock_divider_1024:inst103|inst3 ; Merged with ledPatternGen:inst19|nineCounter:ledset1|clock_generator:inst|clock_divider_1024:inst103|inst3 ;
; ledPatternGen:inst19|nineCounter:ledset6|clock_generator:inst|clock_divider_1024:inst103|inst3 ; Merged with ledPatternGen:inst19|nineCounter:ledset1|clock_generator:inst|clock_divider_1024:inst103|inst3 ;
; ledPatternGen:inst19|nineCounter:ledset7|clock_generator:inst|clock_divider_1024:inst103|inst3 ; Merged with ledPatternGen:inst19|nineCounter:ledset1|clock_generator:inst|clock_divider_1024:inst103|inst3 ;
; ledPatternGen:inst19|nineCounter:ledset8|clock_generator:inst|clock_divider_1024:inst103|inst3 ; Merged with ledPatternGen:inst19|nineCounter:ledset1|clock_generator:inst|clock_divider_1024:inst103|inst3 ;
; upcounter:inst10|debouncer:inst6|clock_divider_1024:inst|inst3                                 ; Merged with ledPatternGen:inst19|nineCounter:ledset1|clock_generator:inst|clock_divider_1024:inst103|inst3 ;
; upcounter:inst111|debouncer:inst6|clock_divider_1024:inst|inst3                                ; Merged with ledPatternGen:inst19|nineCounter:ledset1|clock_generator:inst|clock_divider_1024:inst103|inst3 ;
; upcounter:inst1|debouncer:inst6|clock_divider_1024:inst|inst3                                  ; Merged with ledPatternGen:inst19|nineCounter:ledset1|clock_generator:inst|clock_divider_1024:inst103|inst3 ;
; upcounter:inst2|debouncer:inst6|clock_divider_1024:inst|inst3                                  ; Merged with ledPatternGen:inst19|nineCounter:ledset1|clock_generator:inst|clock_divider_1024:inst103|inst3 ;
; upcounter:inst3|debouncer:inst6|clock_divider_1024:inst|inst3                                  ; Merged with ledPatternGen:inst19|nineCounter:ledset1|clock_generator:inst|clock_divider_1024:inst103|inst3 ;
; upcounter:inst7|debouncer:inst6|clock_divider_1024:inst|inst3                                  ; Merged with ledPatternGen:inst19|nineCounter:ledset1|clock_generator:inst|clock_divider_1024:inst103|inst3 ;
; upcounter:inst8|debouncer:inst6|clock_divider_1024:inst|inst3                                  ; Merged with ledPatternGen:inst19|nineCounter:ledset1|clock_generator:inst|clock_divider_1024:inst103|inst3 ;
; upcounter:inst9|debouncer:inst6|clock_divider_1024:inst|inst3                                  ; Merged with ledPatternGen:inst19|nineCounter:ledset1|clock_generator:inst|clock_divider_1024:inst103|inst3 ;
; ledPatternGen:inst19|nineCounter:ledset2|clock_generator:inst|clock_divider_1024:inst103|inst6 ; Merged with ledPatternGen:inst19|nineCounter:ledset1|clock_generator:inst|clock_divider_1024:inst103|inst6 ;
; ledPatternGen:inst19|nineCounter:ledset3|clock_generator:inst|clock_divider_1024:inst103|inst6 ; Merged with ledPatternGen:inst19|nineCounter:ledset1|clock_generator:inst|clock_divider_1024:inst103|inst6 ;
; ledPatternGen:inst19|nineCounter:ledset4|clock_generator:inst|clock_divider_1024:inst103|inst6 ; Merged with ledPatternGen:inst19|nineCounter:ledset1|clock_generator:inst|clock_divider_1024:inst103|inst6 ;
; ledPatternGen:inst19|nineCounter:ledset5|clock_generator:inst|clock_divider_1024:inst103|inst6 ; Merged with ledPatternGen:inst19|nineCounter:ledset1|clock_generator:inst|clock_divider_1024:inst103|inst6 ;
; ledPatternGen:inst19|nineCounter:ledset6|clock_generator:inst|clock_divider_1024:inst103|inst6 ; Merged with ledPatternGen:inst19|nineCounter:ledset1|clock_generator:inst|clock_divider_1024:inst103|inst6 ;
; ledPatternGen:inst19|nineCounter:ledset7|clock_generator:inst|clock_divider_1024:inst103|inst6 ; Merged with ledPatternGen:inst19|nineCounter:ledset1|clock_generator:inst|clock_divider_1024:inst103|inst6 ;
; ledPatternGen:inst19|nineCounter:ledset8|clock_generator:inst|clock_divider_1024:inst103|inst6 ; Merged with ledPatternGen:inst19|nineCounter:ledset1|clock_generator:inst|clock_divider_1024:inst103|inst6 ;
; upcounter:inst10|debouncer:inst6|clock_divider_1024:inst|inst6                                 ; Merged with ledPatternGen:inst19|nineCounter:ledset1|clock_generator:inst|clock_divider_1024:inst103|inst6 ;
; upcounter:inst111|debouncer:inst6|clock_divider_1024:inst|inst6                                ; Merged with ledPatternGen:inst19|nineCounter:ledset1|clock_generator:inst|clock_divider_1024:inst103|inst6 ;
; upcounter:inst1|debouncer:inst6|clock_divider_1024:inst|inst6                                  ; Merged with ledPatternGen:inst19|nineCounter:ledset1|clock_generator:inst|clock_divider_1024:inst103|inst6 ;
; upcounter:inst2|debouncer:inst6|clock_divider_1024:inst|inst6                                  ; Merged with ledPatternGen:inst19|nineCounter:ledset1|clock_generator:inst|clock_divider_1024:inst103|inst6 ;
; upcounter:inst3|debouncer:inst6|clock_divider_1024:inst|inst6                                  ; Merged with ledPatternGen:inst19|nineCounter:ledset1|clock_generator:inst|clock_divider_1024:inst103|inst6 ;
; upcounter:inst7|debouncer:inst6|clock_divider_1024:inst|inst6                                  ; Merged with ledPatternGen:inst19|nineCounter:ledset1|clock_generator:inst|clock_divider_1024:inst103|inst6 ;
; upcounter:inst8|debouncer:inst6|clock_divider_1024:inst|inst6                                  ; Merged with ledPatternGen:inst19|nineCounter:ledset1|clock_generator:inst|clock_divider_1024:inst103|inst6 ;
; upcounter:inst9|debouncer:inst6|clock_divider_1024:inst|inst6                                  ; Merged with ledPatternGen:inst19|nineCounter:ledset1|clock_generator:inst|clock_divider_1024:inst103|inst6 ;
; ledPatternGen:inst19|nineCounter:ledset2|clock_generator:inst|clock_divider_1024:inst103|inst7 ; Merged with ledPatternGen:inst19|nineCounter:ledset1|clock_generator:inst|clock_divider_1024:inst103|inst7 ;
; ledPatternGen:inst19|nineCounter:ledset3|clock_generator:inst|clock_divider_1024:inst103|inst7 ; Merged with ledPatternGen:inst19|nineCounter:ledset1|clock_generator:inst|clock_divider_1024:inst103|inst7 ;
; ledPatternGen:inst19|nineCounter:ledset4|clock_generator:inst|clock_divider_1024:inst103|inst7 ; Merged with ledPatternGen:inst19|nineCounter:ledset1|clock_generator:inst|clock_divider_1024:inst103|inst7 ;
; ledPatternGen:inst19|nineCounter:ledset5|clock_generator:inst|clock_divider_1024:inst103|inst7 ; Merged with ledPatternGen:inst19|nineCounter:ledset1|clock_generator:inst|clock_divider_1024:inst103|inst7 ;
; ledPatternGen:inst19|nineCounter:ledset6|clock_generator:inst|clock_divider_1024:inst103|inst7 ; Merged with ledPatternGen:inst19|nineCounter:ledset1|clock_generator:inst|clock_divider_1024:inst103|inst7 ;
; ledPatternGen:inst19|nineCounter:ledset7|clock_generator:inst|clock_divider_1024:inst103|inst7 ; Merged with ledPatternGen:inst19|nineCounter:ledset1|clock_generator:inst|clock_divider_1024:inst103|inst7 ;
; ledPatternGen:inst19|nineCounter:ledset8|clock_generator:inst|clock_divider_1024:inst103|inst7 ; Merged with ledPatternGen:inst19|nineCounter:ledset1|clock_generator:inst|clock_divider_1024:inst103|inst7 ;
; upcounter:inst10|debouncer:inst6|clock_divider_1024:inst|inst7                                 ; Merged with ledPatternGen:inst19|nineCounter:ledset1|clock_generator:inst|clock_divider_1024:inst103|inst7 ;
; upcounter:inst111|debouncer:inst6|clock_divider_1024:inst|inst7                                ; Merged with ledPatternGen:inst19|nineCounter:ledset1|clock_generator:inst|clock_divider_1024:inst103|inst7 ;
; upcounter:inst1|debouncer:inst6|clock_divider_1024:inst|inst7                                  ; Merged with ledPatternGen:inst19|nineCounter:ledset1|clock_generator:inst|clock_divider_1024:inst103|inst7 ;
; upcounter:inst2|debouncer:inst6|clock_divider_1024:inst|inst7                                  ; Merged with ledPatternGen:inst19|nineCounter:ledset1|clock_generator:inst|clock_divider_1024:inst103|inst7 ;
; upcounter:inst3|debouncer:inst6|clock_divider_1024:inst|inst7                                  ; Merged with ledPatternGen:inst19|nineCounter:ledset1|clock_generator:inst|clock_divider_1024:inst103|inst7 ;
; upcounter:inst7|debouncer:inst6|clock_divider_1024:inst|inst7                                  ; Merged with ledPatternGen:inst19|nineCounter:ledset1|clock_generator:inst|clock_divider_1024:inst103|inst7 ;
; upcounter:inst8|debouncer:inst6|clock_divider_1024:inst|inst7                                  ; Merged with ledPatternGen:inst19|nineCounter:ledset1|clock_generator:inst|clock_divider_1024:inst103|inst7 ;
; upcounter:inst9|debouncer:inst6|clock_divider_1024:inst|inst7                                  ; Merged with ledPatternGen:inst19|nineCounter:ledset1|clock_generator:inst|clock_divider_1024:inst103|inst7 ;
; ledPatternGen:inst19|nineCounter:ledset2|clock_generator:inst|clock_divider_1024:inst103|inst8 ; Merged with ledPatternGen:inst19|nineCounter:ledset1|clock_generator:inst|clock_divider_1024:inst103|inst8 ;
; ledPatternGen:inst19|nineCounter:ledset3|clock_generator:inst|clock_divider_1024:inst103|inst8 ; Merged with ledPatternGen:inst19|nineCounter:ledset1|clock_generator:inst|clock_divider_1024:inst103|inst8 ;
; ledPatternGen:inst19|nineCounter:ledset4|clock_generator:inst|clock_divider_1024:inst103|inst8 ; Merged with ledPatternGen:inst19|nineCounter:ledset1|clock_generator:inst|clock_divider_1024:inst103|inst8 ;
; ledPatternGen:inst19|nineCounter:ledset5|clock_generator:inst|clock_divider_1024:inst103|inst8 ; Merged with ledPatternGen:inst19|nineCounter:ledset1|clock_generator:inst|clock_divider_1024:inst103|inst8 ;
; ledPatternGen:inst19|nineCounter:ledset6|clock_generator:inst|clock_divider_1024:inst103|inst8 ; Merged with ledPatternGen:inst19|nineCounter:ledset1|clock_generator:inst|clock_divider_1024:inst103|inst8 ;
; ledPatternGen:inst19|nineCounter:ledset7|clock_generator:inst|clock_divider_1024:inst103|inst8 ; Merged with ledPatternGen:inst19|nineCounter:ledset1|clock_generator:inst|clock_divider_1024:inst103|inst8 ;
; ledPatternGen:inst19|nineCounter:ledset8|clock_generator:inst|clock_divider_1024:inst103|inst8 ; Merged with ledPatternGen:inst19|nineCounter:ledset1|clock_generator:inst|clock_divider_1024:inst103|inst8 ;
; upcounter:inst10|debouncer:inst6|clock_divider_1024:inst|inst8                                 ; Merged with ledPatternGen:inst19|nineCounter:ledset1|clock_generator:inst|clock_divider_1024:inst103|inst8 ;
; upcounter:inst111|debouncer:inst6|clock_divider_1024:inst|inst8                                ; Merged with ledPatternGen:inst19|nineCounter:ledset1|clock_generator:inst|clock_divider_1024:inst103|inst8 ;
; upcounter:inst1|debouncer:inst6|clock_divider_1024:inst|inst8                                  ; Merged with ledPatternGen:inst19|nineCounter:ledset1|clock_generator:inst|clock_divider_1024:inst103|inst8 ;
; upcounter:inst2|debouncer:inst6|clock_divider_1024:inst|inst8                                  ; Merged with ledPatternGen:inst19|nineCounter:ledset1|clock_generator:inst|clock_divider_1024:inst103|inst8 ;
; upcounter:inst3|debouncer:inst6|clock_divider_1024:inst|inst8                                  ; Merged with ledPatternGen:inst19|nineCounter:ledset1|clock_generator:inst|clock_divider_1024:inst103|inst8 ;
; upcounter:inst7|debouncer:inst6|clock_divider_1024:inst|inst8                                  ; Merged with ledPatternGen:inst19|nineCounter:ledset1|clock_generator:inst|clock_divider_1024:inst103|inst8 ;
; upcounter:inst8|debouncer:inst6|clock_divider_1024:inst|inst8                                  ; Merged with ledPatternGen:inst19|nineCounter:ledset1|clock_generator:inst|clock_divider_1024:inst103|inst8 ;
; upcounter:inst9|debouncer:inst6|clock_divider_1024:inst|inst8                                  ; Merged with ledPatternGen:inst19|nineCounter:ledset1|clock_generator:inst|clock_divider_1024:inst103|inst8 ;
; ledPatternGen:inst19|nineCounter:ledset2|clock_generator:inst|clock_divider_1024:inst103|inst9 ; Merged with ledPatternGen:inst19|nineCounter:ledset1|clock_generator:inst|clock_divider_1024:inst103|inst9 ;
; ledPatternGen:inst19|nineCounter:ledset3|clock_generator:inst|clock_divider_1024:inst103|inst9 ; Merged with ledPatternGen:inst19|nineCounter:ledset1|clock_generator:inst|clock_divider_1024:inst103|inst9 ;
; ledPatternGen:inst19|nineCounter:ledset4|clock_generator:inst|clock_divider_1024:inst103|inst9 ; Merged with ledPatternGen:inst19|nineCounter:ledset1|clock_generator:inst|clock_divider_1024:inst103|inst9 ;
; ledPatternGen:inst19|nineCounter:ledset5|clock_generator:inst|clock_divider_1024:inst103|inst9 ; Merged with ledPatternGen:inst19|nineCounter:ledset1|clock_generator:inst|clock_divider_1024:inst103|inst9 ;
; ledPatternGen:inst19|nineCounter:ledset6|clock_generator:inst|clock_divider_1024:inst103|inst9 ; Merged with ledPatternGen:inst19|nineCounter:ledset1|clock_generator:inst|clock_divider_1024:inst103|inst9 ;
; ledPatternGen:inst19|nineCounter:ledset7|clock_generator:inst|clock_divider_1024:inst103|inst9 ; Merged with ledPatternGen:inst19|nineCounter:ledset1|clock_generator:inst|clock_divider_1024:inst103|inst9 ;
; ledPatternGen:inst19|nineCounter:ledset8|clock_generator:inst|clock_divider_1024:inst103|inst9 ; Merged with ledPatternGen:inst19|nineCounter:ledset1|clock_generator:inst|clock_divider_1024:inst103|inst9 ;
; upcounter:inst10|debouncer:inst6|clock_divider_1024:inst|inst9                                 ; Merged with ledPatternGen:inst19|nineCounter:ledset1|clock_generator:inst|clock_divider_1024:inst103|inst9 ;
; upcounter:inst111|debouncer:inst6|clock_divider_1024:inst|inst9                                ; Merged with ledPatternGen:inst19|nineCounter:ledset1|clock_generator:inst|clock_divider_1024:inst103|inst9 ;
; upcounter:inst1|debouncer:inst6|clock_divider_1024:inst|inst9                                  ; Merged with ledPatternGen:inst19|nineCounter:ledset1|clock_generator:inst|clock_divider_1024:inst103|inst9 ;
; upcounter:inst2|debouncer:inst6|clock_divider_1024:inst|inst9                                  ; Merged with ledPatternGen:inst19|nineCounter:ledset1|clock_generator:inst|clock_divider_1024:inst103|inst9 ;
; upcounter:inst3|debouncer:inst6|clock_divider_1024:inst|inst9                                  ; Merged with ledPatternGen:inst19|nineCounter:ledset1|clock_generator:inst|clock_divider_1024:inst103|inst9 ;
; upcounter:inst7|debouncer:inst6|clock_divider_1024:inst|inst9                                  ; Merged with ledPatternGen:inst19|nineCounter:ledset1|clock_generator:inst|clock_divider_1024:inst103|inst9 ;
; upcounter:inst8|debouncer:inst6|clock_divider_1024:inst|inst9                                  ; Merged with ledPatternGen:inst19|nineCounter:ledset1|clock_generator:inst|clock_divider_1024:inst103|inst9 ;
; upcounter:inst9|debouncer:inst6|clock_divider_1024:inst|inst9                                  ; Merged with ledPatternGen:inst19|nineCounter:ledset1|clock_generator:inst|clock_divider_1024:inst103|inst9 ;
; Total Number of Removed Registers = 105                                                        ;                                                                                                            ;
+------------------------------------------------------------------------------------------------+------------------------------------------------------------------------------------------------------------+


+------------------------------------------------------+
; General Register Statistics                          ;
+----------------------------------------------+-------+
; Statistic                                    ; Value ;
+----------------------------------------------+-------+
; Total registers                              ; 271   ;
; Number of registers using Synchronous Clear  ; 0     ;
; Number of registers using Synchronous Load   ; 0     ;
; Number of registers using Asynchronous Clear ; 32    ;
; Number of registers using Asynchronous Load  ; 0     ;
; Number of registers using Clock Enable       ; 47    ;
; Number of registers using Preset             ; 0     ;
+----------------------------------------------+-------+


+-----------------------------------------------------+
; Post-Synthesis Netlist Statistics for Top Partition ;
+-----------------------+-----------------------------+
; Type                  ; Count                       ;
+-----------------------+-----------------------------+
; boundary_port         ; 65                          ;
; cycloneiii_ff         ; 271                         ;
;     ENA               ; 15                          ;
;     ENA CLR           ; 32                          ;
;     plain             ; 224                         ;
; cycloneiii_lcell_comb ; 378                         ;
;     normal            ; 378                         ;
;         1 data inputs ; 79                          ;
;         2 data inputs ; 77                          ;
;         3 data inputs ; 67                          ;
;         4 data inputs ; 155                         ;
;                       ;                             ;
; Max LUT depth         ; 4.00                        ;
; Average LUT depth     ; 2.03                        ;
+-----------------------+-----------------------------+


+-------------------------------+
; Elapsed Time Per Partition    ;
+----------------+--------------+
; Partition Name ; Elapsed Time ;
+----------------+--------------+
; Top            ; 00:00:00     ;
+----------------+--------------+


+-------------------------------+
; Analysis & Synthesis Messages ;
+-------------------------------+
Info: *******************************************************************
Info: Running Quartus Prime Analysis & Synthesis
    Info: Version 22.1std.1 Build 917 02/14/2023 SC Standard Edition
    Info: Processing started: Sat Apr 27 18:51:35 2024
Info: Command: quartus_map --read_settings_files=on --write_settings_files=off finalproject -c finalproject
Warning (18236): Number of processors has not been specified which may cause overloading on shared machines.  Set the global assignment NUM_PARALLEL_PROCESSORS in your QSF to an appropriate value for best performance.
Info (20030): Parallel compilation is enabled and will use 12 of the 12 processors detected
Info (12021): Found 1 design units, including 1 entities, in source file finalproject.bdf
    Info (12023): Found entity 1: finalproject
Info (12021): Found 1 design units, including 1 entities, in source file upcounter.bdf
    Info (12023): Found entity 1: upcounter
Info (12021): Found 1 design units, including 1 entities, in source file debouncer.bdf
    Info (12023): Found entity 1: debouncer
Warning (12019): Can't analyze file -- file 1to4demux.v is missing
Info (12021): Found 1 design units, including 1 entities, in source file selector.v
    Info (12023): Found entity 1: selector File: U:/CPRE281/final project v2/final project/selector.v Line: 1
Info (12021): Found 1 design units, including 1 entities, in source file segselector.v
    Info (12023): Found entity 1: segSelector File: U:/CPRE281/final project v2/final project/segSelector.v Line: 1
Warning (12019): Can't analyze file -- file output_files/theUltimateComparer.bdf is missing
Info (12021): Found 1 design units, including 1 entities, in source file smallultimatecomparers.bdf
    Info (12023): Found entity 1: smallUltimateComparers
Info (12021): Found 1 design units, including 1 entities, in source file theultimatecomparer.bdf
    Info (12023): Found entity 1: theUltimateComparer
Info (12021): Found 1 design units, including 1 entities, in source file ledpatterngen.bdf
    Info (12023): Found entity 1: ledPatternGen
Info (12021): Found 1 design units, including 1 entities, in source file ninecounter.bdf
    Info (12023): Found entity 1: nineCounter
Info (12021): Found 1 design units, including 1 entities, in source file clock_divider_1024.bdf
    Info (12023): Found entity 1: clock_divider_1024
Info (12021): Found 1 design units, including 1 entities, in source file clock_generator.bdf
    Info (12023): Found entity 1: clock_generator
Info (12127): Elaborating entity "finalproject" for the top level hierarchy
Warning (275011): Block or symbol "seven_seg_decoder" of instance "display4" overlaps another block or symbol
Warning (275009): Pin "ENABLE" not connected
Warning (12125): Using design file seven_seg_decoder.v, which is not specified as a design file for the current project, but contains definitions for 1 design units and 1 entities in project
    Info (12023): Found entity 1: seven_seg_decoder File: U:/CPRE281/final project v2/final project/seven_seg_decoder.v Line: 1
Info (12128): Elaborating entity "seven_seg_decoder" for hierarchy "seven_seg_decoder:display4"
Info (12128): Elaborating entity "segSelector" for hierarchy "segSelector:inst"
Info (12128): Elaborating entity "upcounter" for hierarchy "upcounter:inst111"
Info (12128): Elaborating entity "debouncer" for hierarchy "upcounter:inst111|debouncer:inst6"
Info (12128): Elaborating entity "clock_divider_1024" for hierarchy "upcounter:inst111|debouncer:inst6|clock_divider_1024:inst1"
Info (12128): Elaborating entity "selector" for hierarchy "selector:inst4"
Info (12128): Elaborating entity "ledPatternGen" for hierarchy "ledPatternGen:inst19"
Warning (275011): Block or symbol "nineCounter" of instance "ledset5" overlaps another block or symbol
Warning (275011): Block or symbol "nineCounter" of instance "ledset6" overlaps another block or symbol
Warning (275011): Block or symbol "nineCounter" of instance "ledset7" overlaps another block or symbol
Warning (275011): Block or symbol "nineCounter" of instance "ledset8" overlaps another block or symbol
Info (12128): Elaborating entity "nineCounter" for hierarchy "ledPatternGen:inst19|nineCounter:ledset1"
Info (12128): Elaborating entity "clock_generator" for hierarchy "ledPatternGen:inst19|nineCounter:ledset1|clock_generator:inst"
Info (12128): Elaborating entity "theUltimateComparer" for hierarchy "theUltimateComparer:inst16"
Info (12128): Elaborating entity "smallUltimateComparers" for hierarchy "theUltimateComparer:inst16|smallUltimateComparers:check44"
Info (286030): Timing-Driven Synthesis is running
Info (16010): Generating hard_block partition "hard_block:auto_generated_inst"
    Info (16011): Adding 0 node(s), including 0 DDIO, 0 PLL, 0 transceiver and 0 LCELL
Warning (21074): Design contains 1 input pin(s) that do not drive logic
    Warning (15610): No output dependent on input pin "ENABLE"
Info (21057): Implemented 437 device resources after synthesis - the final resource count might be different
    Info (21058): Implemented 8 input pins
    Info (21059): Implemented 57 output pins
    Info (21061): Implemented 372 logic cells
Info: Quartus Prime Analysis & Synthesis was successful. 0 errors, 12 warnings
    Info: Peak virtual memory: 4888 megabytes
    Info: Processing ended: Sat Apr 27 18:51:42 2024
    Info: Elapsed time: 00:00:07
    Info: Total CPU time (on all processors): 00:00:05


